c:\users\pablo\desktop\gx2prohectrepo\bernalpablographics2project\dx11uwa left handed\dx11uwa\dx11uwa\x64\debug\pch.pch
c:\users\pablo\desktop\gx2prohectrepo\bernalpablographics2project\dx11uwa left handed\dx11uwa\dx11uwa\x64\debug\vc140.pdb
c:\users\pablo\desktop\gx2prohectrepo\bernalpablographics2project\dx11uwa left handed\dx11uwa\dx11uwa\x64\debug\vc140.idb
c:\users\pablo\desktop\gx2prohectrepo\bernalpablographics2project\dx11uwa left handed\dx11uwa\dx11uwa\x64\debug\pch.obj
c:\users\pablo\desktop\gx2prohectrepo\bernalpablographics2project\dx11uwa left handed\dx11uwa\dx11uwa\x64\debug\dx11uwamain.obj
c:\users\pablo\desktop\gx2prohectrepo\bernalpablographics2project\dx11uwa left handed\dx11uwa\dx11uwa\x64\debug\sample3dscenerenderer.obj
c:\users\pablo\desktop\gx2prohectrepo\bernalpablographics2project\dx11uwa left handed\dx11uwa\dx11uwa\x64\debug\app.obj
c:\users\pablo\desktop\gx2prohectrepo\bernalpablographics2project\dx11uwa left handed\dx11uwa\dx11uwa\x64\debug\ddstextureloader.obj
c:\users\pablo\desktop\gx2prohectrepo\bernalpablographics2project\dx11uwa left handed\dx11uwa\dx11uwa\x64\debug\samplefpstextrenderer.obj
c:\users\pablo\desktop\gx2prohectrepo\bernalpablographics2project\dx11uwa left handed\dx11uwa\dx11uwa\x64\debug\deviceresources.obj
c:\users\pablo\desktop\gx2prohectrepo\bernalpablographics2project\dx11uwa left handed\dx11uwa\x64\debug\dx11uwa\samplepixelshader.cso
c:\users\pablo\desktop\gx2prohectrepo\bernalpablographics2project\dx11uwa left handed\dx11uwa\x64\debug\dx11uwa\samplevertexshader.cso
c:\users\pablo\desktop\gx2prohectrepo\bernalpablographics2project\dx11uwa left handed\dx11uwa\x64\debug\dx11uwa\pixelshader.cso
c:\users\pablo\desktop\gx2prohectrepo\bernalpablographics2project\dx11uwa left handed\dx11uwa\x64\debug\dx11uwa\vertexshader.cso
c:\users\pablo\desktop\gx2prohectrepo\bernalpablographics2project\dx11uwa left handed\dx11uwa\x64\debug\dx11uwa\dx11uwa.winmd
c:\users\pablo\desktop\gx2prohectrepo\bernalpablographics2project\dx11uwa left handed\dx11uwa\dx11uwa\x64\debug\resourcehandlingtask.state
c:\users\pablo\desktop\gx2prohectrepo\bernalpablographics2project\dx11uwa left handed\dx11uwa\dx11uwa\x64\debug\dx11uwa.vcxproj.generateresource.cache
c:\users\pablo\desktop\gx2prohectrepo\bernalpablographics2project\dx11uwa left handed\dx11uwa\dx11uwa\x64\debug\priconfig.xml
c:\users\pablo\desktop\gx2prohectrepo\bernalpablographics2project\dx11uwa left handed\dx11uwa\dx11uwa\x64\debug\priconfig.xml.intermediate
c:\users\pablo\desktop\gx2prohectrepo\bernalpablographics2project\dx11uwa left handed\dx11uwa\dx11uwa\x64\debug\layout.resfiles
c:\users\pablo\desktop\gx2prohectrepo\bernalpablographics2project\dx11uwa left handed\dx11uwa\dx11uwa\x64\debug\layout.resfiles.intermediate
c:\users\pablo\desktop\gx2prohectrepo\bernalpablographics2project\dx11uwa left handed\dx11uwa\dx11uwa\x64\debug\resources.resfiles
c:\users\pablo\desktop\gx2prohectrepo\bernalpablographics2project\dx11uwa left handed\dx11uwa\dx11uwa\x64\debug\resources.resfiles.intermediate
c:\users\pablo\desktop\gx2prohectrepo\bernalpablographics2project\dx11uwa left handed\dx11uwa\dx11uwa\x64\debug\pri.resfiles
c:\users\pablo\desktop\gx2prohectrepo\bernalpablographics2project\dx11uwa left handed\dx11uwa\dx11uwa\x64\debug\pri.resfiles.intermediate
c:\users\pablo\desktop\gx2prohectrepo\bernalpablographics2project\dx11uwa left handed\dx11uwa\x64\debug\dx11uwa\resources.pri
c:\users\pablo\desktop\gx2prohectrepo\bernalpablographics2project\dx11uwa left handed\dx11uwa\dx11uwa\x64\debug\qualifiers.txt
c:\users\pablo\desktop\gx2prohectrepo\bernalpablographics2project\dx11uwa left handed\dx11uwa\dx11uwa\x64\debug\qualifiers.txt.intermediate
c:\users\pablo\desktop\gx2prohectrepo\bernalpablographics2project\dx11uwa left handed\dx11uwa\dx11uwa\x64\debug\multiplequalifiersperdimensionfound.txt
c:\users\pablo\desktop\gx2prohectrepo\bernalpablographics2project\dx11uwa left handed\dx11uwa\dx11uwa\x64\debug\projectarchitectures.txt
c:\users\pablo\desktop\gx2prohectrepo\bernalpablographics2project\dx11uwa left handed\dx11uwa\x64\debug\dx11uwa\appxmanifest.xml
c:\users\pablo\desktop\gx2prohectrepo\bernalpablographics2project\dx11uwa left handed\dx11uwa\x64\debug\dx11uwa\dx11uwa.build.appxrecipe
c:\users\pablo\desktop\gx2prohectrepo\bernalpablographics2project\dx11uwa left handed\dx11uwa\dx11uwa\x64\debug\dx11uwa.vcxprojresolveassemblyreference.cache
c:\users\pablo\desktop\gx2prohectrepo\bernalpablographics2project\dx11uwa left handed\dx11uwa\x64\debug\dx11uwa\dx11uwa.ilk
c:\users\pablo\desktop\gx2prohectrepo\bernalpablographics2project\dx11uwa left handed\dx11uwa\x64\debug\dx11uwa\dx11uwa.exe
c:\users\pablo\desktop\gx2prohectrepo\bernalpablographics2project\dx11uwa left handed\dx11uwa\x64\debug\dx11uwa\dx11uwa.pdb
c:\users\pablo\desktop\gx2prohectrepo\bernalpablographics2project\dx11uwa left handed\dx11uwa\dx11uwa\x64\debug\embed.resfiles
c:\users\pablo\desktop\gx2prohectrepo\bernalpablographics2project\dx11uwa left handed\dx11uwa\dx11uwa\x64\debug\dx11uwa.tlog\cl.command.1.tlog
c:\users\pablo\desktop\gx2prohectrepo\bernalpablographics2project\dx11uwa left handed\dx11uwa\dx11uwa\x64\debug\dx11uwa.tlog\cl.read.1.tlog
c:\users\pablo\desktop\gx2prohectrepo\bernalpablographics2project\dx11uwa left handed\dx11uwa\dx11uwa\x64\debug\dx11uwa.tlog\cl.write.1.tlog
c:\users\pablo\desktop\gx2prohectrepo\bernalpablographics2project\dx11uwa left handed\dx11uwa\dx11uwa\x64\debug\dx11uwa.tlog\dx11uwa.read.1u.tlog
c:\users\pablo\desktop\gx2prohectrepo\bernalpablographics2project\dx11uwa left handed\dx11uwa\dx11uwa\x64\debug\dx11uwa.tlog\dx11uwa.write.1u.tlog
c:\users\pablo\desktop\gx2prohectrepo\bernalpablographics2project\dx11uwa left handed\dx11uwa\dx11uwa\x64\debug\dx11uwa.tlog\fxc.command.1.tlog
c:\users\pablo\desktop\gx2prohectrepo\bernalpablographics2project\dx11uwa left handed\dx11uwa\dx11uwa\x64\debug\dx11uwa.tlog\fxc.read.1.tlog
c:\users\pablo\desktop\gx2prohectrepo\bernalpablographics2project\dx11uwa left handed\dx11uwa\dx11uwa\x64\debug\dx11uwa.tlog\fxc.write.1.tlog
c:\users\pablo\desktop\gx2prohectrepo\bernalpablographics2project\dx11uwa left handed\dx11uwa\dx11uwa\x64\debug\dx11uwa.tlog\link.command.1.tlog
c:\users\pablo\desktop\gx2prohectrepo\bernalpablographics2project\dx11uwa left handed\dx11uwa\dx11uwa\x64\debug\dx11uwa.tlog\link.read.1.tlog
c:\users\pablo\desktop\gx2prohectrepo\bernalpablographics2project\dx11uwa left handed\dx11uwa\dx11uwa\x64\debug\dx11uwa.tlog\link.write.1.tlog
