  Sample3DSceneRenderer.cpp
c:\users\pablo\desktop\gx2prohectrepo\bernalpablographics2project\dx11uwa left handed\dx11uwa\dx11uwa\content\sample3dscenerenderer.cpp(407): warning C4267: 'argument': conversion from 'size_t' to 'UINT', possible loss of data
c:\users\pablo\desktop\gx2prohectrepo\bernalpablographics2project\dx11uwa left handed\dx11uwa\dx11uwa\content\sample3dscenerenderer.cpp(411): warning C4267: '=': conversion from 'size_t' to 'unsigned int', possible loss of data
c:\users\pablo\desktop\gx2prohectrepo\bernalpablographics2project\dx11uwa left handed\dx11uwa\dx11uwa\content\sample3dscenerenderer.cpp(417): warning C4267: 'argument': conversion from 'size_t' to 'UINT', possible loss of data
c:\users\pablo\desktop\gx2prohectrepo\bernalpablographics2project\dx11uwa left handed\dx11uwa\dx11uwa\content\sample3dscenerenderer.cpp(471): warning C4267: 'argument': conversion from 'size_t' to 'UINT', possible loss of data
c:\users\pablo\desktop\gx2prohectrepo\bernalpablographics2project\dx11uwa left handed\dx11uwa\dx11uwa\content\sample3dscenerenderer.cpp(475): warning C4267: '=': conversion from 'size_t' to 'unsigned int', possible loss of data
c:\users\pablo\desktop\gx2prohectrepo\bernalpablographics2project\dx11uwa left handed\dx11uwa\dx11uwa\content\sample3dscenerenderer.cpp(481): warning C4267: 'argument': conversion from 'size_t' to 'UINT', possible loss of data
c:\users\pablo\desktop\gx2prohectrepo\bernalpablographics2project\dx11uwa left handed\dx11uwa\dx11uwa\content\sample3dscenerenderer.cpp(536): warning C4267: 'argument': conversion from 'size_t' to 'UINT', possible loss of data
c:\users\pablo\desktop\gx2prohectrepo\bernalpablographics2project\dx11uwa left handed\dx11uwa\dx11uwa\content\sample3dscenerenderer.cpp(540): warning C4267: '=': conversion from 'size_t' to 'unsigned int', possible loss of data
c:\users\pablo\desktop\gx2prohectrepo\bernalpablographics2project\dx11uwa left handed\dx11uwa\dx11uwa\content\sample3dscenerenderer.cpp(546): warning C4267: 'argument': conversion from 'size_t' to 'UINT', possible loss of data
c:\users\pablo\desktop\gx2prohectrepo\bernalpablographics2project\dx11uwa left handed\dx11uwa\dx11uwa\content\sample3dscenerenderer.cpp(660): warning C4244: 'argument': conversion from 'float' to 'const unsigned int', possible loss of data
c:\users\pablo\desktop\gx2prohectrepo\bernalpablographics2project\dx11uwa left handed\dx11uwa\dx11uwa\content\sample3dscenerenderer.cpp(661): warning C4244: 'argument': conversion from 'float' to 'const unsigned int', possible loss of data
c:\users\pablo\desktop\gx2prohectrepo\bernalpablographics2project\dx11uwa left handed\dx11uwa\dx11uwa\content\sample3dscenerenderer.cpp(662): warning C4244: 'argument': conversion from 'float' to 'const unsigned int', possible loss of data
c:\users\pablo\desktop\gx2prohectrepo\bernalpablographics2project\dx11uwa left handed\dx11uwa\dx11uwa\content\sample3dscenerenderer.cpp(663): warning C4244: 'argument': conversion from 'float' to 'const unsigned int', possible loss of data
c:\users\pablo\desktop\gx2prohectrepo\bernalpablographics2project\dx11uwa left handed\dx11uwa\dx11uwa\content\sample3dscenerenderer.cpp(664): warning C4244: 'argument': conversion from 'float' to 'const unsigned int', possible loss of data
c:\users\pablo\desktop\gx2prohectrepo\bernalpablographics2project\dx11uwa left handed\dx11uwa\dx11uwa\content\sample3dscenerenderer.cpp(665): warning C4244: 'argument': conversion from 'float' to 'const unsigned int', possible loss of data
c:\users\pablo\desktop\gx2prohectrepo\bernalpablographics2project\dx11uwa left handed\dx11uwa\dx11uwa\content\sample3dscenerenderer.cpp(666): warning C4244: 'argument': conversion from 'float' to 'const unsigned int', possible loss of data
c:\users\pablo\desktop\gx2prohectrepo\bernalpablographics2project\dx11uwa left handed\dx11uwa\dx11uwa\content\sample3dscenerenderer.cpp(667): warning C4244: 'argument': conversion from 'float' to 'const unsigned int', possible loss of data
c:\users\pablo\desktop\gx2prohectrepo\bernalpablographics2project\dx11uwa left handed\dx11uwa\dx11uwa\content\sample3dscenerenderer.cpp(668): warning C4244: 'argument': conversion from 'float' to 'const unsigned int', possible loss of data
c:\users\pablo\desktop\gx2prohectrepo\bernalpablographics2project\dx11uwa left handed\dx11uwa\dx11uwa\content\sample3dscenerenderer.cpp(725): warning C4244: 'argument': conversion from 'float' to 'const unsigned int', possible loss of data
c:\users\pablo\desktop\gx2prohectrepo\bernalpablographics2project\dx11uwa left handed\dx11uwa\dx11uwa\content\sample3dscenerenderer.cpp(726): warning C4244: 'argument': conversion from 'float' to 'const unsigned int', possible loss of data
c:\users\pablo\desktop\gx2prohectrepo\bernalpablographics2project\dx11uwa left handed\dx11uwa\dx11uwa\content\sample3dscenerenderer.cpp(727): warning C4244: 'argument': conversion from 'float' to 'const unsigned int', possible loss of data
c:\users\pablo\desktop\gx2prohectrepo\bernalpablographics2project\dx11uwa left handed\dx11uwa\dx11uwa\content\sample3dscenerenderer.cpp(728): warning C4244: 'argument': conversion from 'float' to 'const unsigned int', possible loss of data
c:\users\pablo\desktop\gx2prohectrepo\bernalpablographics2project\dx11uwa left handed\dx11uwa\dx11uwa\content\sample3dscenerenderer.cpp(729): warning C4244: 'argument': conversion from 'float' to 'const unsigned int', possible loss of data
c:\users\pablo\desktop\gx2prohectrepo\bernalpablographics2project\dx11uwa left handed\dx11uwa\dx11uwa\content\sample3dscenerenderer.cpp(730): warning C4244: 'argument': conversion from 'float' to 'const unsigned int', possible loss of data
c:\users\pablo\desktop\gx2prohectrepo\bernalpablographics2project\dx11uwa left handed\dx11uwa\dx11uwa\content\sample3dscenerenderer.cpp(692): warning C4101: 'lenormalIndex1': unreferenced local variable
c:\users\pablo\desktop\gx2prohectrepo\bernalpablographics2project\dx11uwa left handed\dx11uwa\dx11uwa\content\sample3dscenerenderer.cpp(692): warning C4101: 'lenormalIndex': unreferenced local variable
  DX11UWA.vcxproj -> C:\Users\Pablo\Desktop\GX2ProhectRepo\BernalPabloGraphics2Project\DX11UWA Left Handed\DX11UWA\x64\Debug\DX11UWA\DX11UWA.exe
  DX11UWA.vcxproj -> C:\Users\Pablo\Desktop\GX2ProhectRepo\BernalPabloGraphics2Project\DX11UWA Left Handed\DX11UWA\x64\Debug\DX11UWA\DX11UWA.pdb (Partial PDB)
